[+] Containers:
 |- [+] Container: /Game/Developers/carsm/Projects/OverStimulationSim/OverstimulationSimulation
 |   |- [+] ActorDescs:
 |   |   |- Guid:07012E6A4A328E686614DE98F9EE2103 BaseClass: NativeClass:/Script/Engine.StaticMeshActor Name:StaticMeshActor_UAID_04421A86325B44C501_1650558163 Label:Wall4 SpatiallyLoaded:1 Bounds:IsValid=true, Min=(X=-380.000 Y=-375.000 Z=15.000), Max=(X=-360.000 Y=375.000 Z=435.000) RuntimeGrid:None EditorOnly:0 RuntimeOnly:0 HLODRelevant:1 FolderPath:Environment/Walls+Floor FolderGuid:79BEF95F41D41B4EBF06E2A67B734206
 |   |   |- Guid:097A917E455D76C6C7B4D1A57E822DB3 BaseClass:/Game/Developers/carsm/Projects/OverStimulationSim/BluePrints/SpikeHazard.SpikeHazard_C NativeClass:/Script/Engine.Actor Name:SpikeHazard_C_UAID_04421A86325B4FC701_1301254220 Label:SpikeHazard3 SpatiallyLoaded:1 Bounds:IsValid=true, Min=(X=-491.859 Y=-200.476 Z=-117.180), Max=(X=29.859 Y=202.999 Z=237.206) RuntimeGrid:None EditorOnly:0 RuntimeOnly:0 HLODRelevant:0 Parent:554478A74A08F86D286DACBBF57DB86F FolderPath:Spikes FolderGuid:2BA023F74C1F08C41EBA2AA8C0D8C539
 |   |   |- Guid:0D55088F43230240EC754EA7A34E0E88 BaseClass:/Game/Developers/carsm/Projects/OverStimulationSim/BluePrints/SpikeHazard.SpikeHazard_C NativeClass:/Script/Engine.Actor Name:SpikeHazard_C_UAID_04421A86325B4FC701_1301258223 Label:SpikeHazard6 SpatiallyLoaded:1 Bounds:IsValid=true, Min=(X=-256.590 Y=32.524 Z=-117.180), Max=(X=265.128 Y=435.999 Z=237.206) RuntimeGrid:None EditorOnly:0 RuntimeOnly:0 HLODRelevant:0 Parent:554478A74A08F86D286DACBBF57DB86F FolderPath:Spikes FolderGuid:2BA023F74C1F08C41EBA2AA8C0D8C539
 |   |   |- Guid:107C059A49F3580398BC8DA53D43BEBB BaseClass:/Game/Developers/carsm/Projects/OverStimulationSim/BluePrints/SpikeHazard.SpikeHazard_C NativeClass:/Script/Engine.Actor Name:SpikeHazard_C_UAID_04421A86325B4FC701_1301255221 Label:SpikeHazard4 SpatiallyLoaded:1 Bounds:IsValid=true, Min=(X=-491.859 Y=32.524 Z=-117.180), Max=(X=29.859 Y=435.999 Z=237.206) RuntimeGrid:None EditorOnly:0 RuntimeOnly:0 HLODRelevant:0 Parent:554478A74A08F86D286DACBBF57DB86F FolderPath:Spikes FolderGuid:2BA023F74C1F08C41EBA2AA8C0D8C539
 |   |   |- Guid:17A166DB41CA04F10504928110DB9657 BaseClass: NativeClass:/Script/Engine.StaticMeshActor Name:StaticMeshActor_UAID_04421A86325B44C501_1173157159 Label:Floor SpatiallyLoaded:1 Bounds:IsValid=true, Min=(X=-375.000 Y=-375.000 Z=10.000), Max=(X=375.000 Y=375.000 Z=20.000) RuntimeGrid:None EditorOnly:0 RuntimeOnly:0 HLODRelevant:1 FolderPath:Environment/Walls+Floor FolderGuid:79BEF95F41D41B4EBF06E2A67B734206
 |   |   |- Guid:397B7A2E40CB8908D8BCCCA246D56858 BaseClass: NativeClass:/Script/Engine.StaticMeshActor Name:StaticMeshActor_UAID_04421A86325B44C501_1500705160 Label:Wall1 SpatiallyLoaded:1 Bounds:IsValid=true, Min=(X=-375.000 Y=360.000 Z=15.000), Max=(X=375.000 Y=380.000 Z=435.000) RuntimeGrid:None EditorOnly:0 RuntimeOnly:0 HLODRelevant:1 FolderPath:Environment/Walls+Floor FolderGuid:79BEF95F41D41B4EBF06E2A67B734206
 |   |   |- Guid:4350B49140267B693290A3BB6F4A8172 BaseClass:/Game/Developers/carsm/Projects/OverStimulationSim/Character/Blueprints/PlayerCharacter.PlayerCharacter_C NativeClass:/Script/Engine.Character Name:PlayerCharacter_C_UAID_04421A86325B2DC701_1845023223 Label:PlayerCharacter SpatiallyLoaded:1 Bounds:IsValid=true, Min=(X=171.717 Y=226.536 Z=184.546), Max=(X=349.956 Y=306.661 Z=298.141) RuntimeGrid:None EditorOnly:0 RuntimeOnly:0 HLODRelevant:0 FolderPath:Player FolderGuid:B726634C44D0DD6C6DF49E923E07B07C
 |   |   |- Guid:456936CA4F93250A2CF2AA8E42A9ED37 BaseClass:/Game/Developers/carsm/Projects/OverStimulationSim/BluePrints/MovingPlatform.MovingPlatform_C NativeClass:/Script/Engine.Actor Name:MovingPlatform_C_UAID_04421A86325B27C701_1897409176 Label:MovingPlatform2 SpatiallyLoaded:1 Bounds:IsValid=true, Min=(X=120.000 Y=150.000 Z=160.755), Max=(X=320.000 Y=350.000 Z=170.755) RuntimeGrid:None EditorOnly:0 RuntimeOnly:0 HLODRelevant:0 FolderPath:Environment/Platforms FolderGuid:38A8DFE84129A195E4267EB8FF83C71A
 |   |   |- Guid:5368FABB47D6D9580DAECA8B0417BF92 BaseClass: NativeClass:/Script/Engine.WorldDataLayers Name:WorldDataLayers Label:WorldDataLayers-1 SpatiallyLoaded:0 Bounds:IsValid=true, Min=(X=0.000 Y=0.000 Z=0.000), Max=(X=0.000 Y=0.000 Z=0.000) RuntimeGrid:None EditorOnly:0 RuntimeOnly:0 HLODRelevant:0 FolderPath:Lighting FolderGuid:B7E9BD5B45A652654791988DEF54CCEB
 |   |   |- Guid:554478A74A08F86D286DACBBF57DB86F BaseClass:/Game/Developers/carsm/Projects/OverStimulationSim/BluePrints/SpikeHazard.SpikeHazard_C NativeClass:/Script/Engine.Actor Name:SpikeHazard_C_UAID_04421A86325B36C701_1363122240 Label:SpikeHazard SpatiallyLoaded:1 Bounds:IsValid=true, Min=(X=-336.000 Y=-336.000 Z=-117.180), Max=(X=336.000 Y=336.000 Z=237.206) RuntimeGrid:None EditorOnly:0 RuntimeOnly:0 HLODRelevant:0 FolderPath:Spikes FolderGuid:2BA023F74C1F08C41EBA2AA8C0D8C539
 |   |   |- Guid:5D90871D4DA9F47A40B14B88A702DECB BaseClass: NativeClass:/Script/Engine.TriggerBox Name:TriggerBox_UAID_04421A86325B59C701_1853332032 Label:TriggerBox SpatiallyLoaded:1 Bounds:IsValid=true, Min=(X=-360.000 Y=-360.000 Z=-20.000), Max=(X=360.000 Y=360.000 Z=60.000) RuntimeGrid:None EditorOnly:0 RuntimeOnly:0 HLODRelevant:0 FolderPath:TriggerBox FolderGuid:E0FE655C4CF190AB5F85BFB9FB51950D
 |   |   |- Guid:613FF15548FDE9E0B1A8C4813C6DF2E1 BaseClass:/Game/Developers/carsm/Projects/OverStimulationSim/BluePrints/SpikeHazard.SpikeHazard_C NativeClass:/Script/Engine.Actor Name:SpikeHazard_C_UAID_04421A86325B4FC701_1301245216 Label:SpikeHazard7 SpatiallyLoaded:1 Bounds:IsValid=true, Min=(X=-26.242 Y=-433.476 Z=-117.180), Max=(X=495.477 Y=-30.001 Z=237.206) RuntimeGrid:None EditorOnly:0 RuntimeOnly:0 HLODRelevant:0 Parent:554478A74A08F86D286DACBBF57DB86F FolderPath:Spikes FolderGuid:2BA023F74C1F08C41EBA2AA8C0D8C539
 |   |   |- Guid:763A384E40180B566D0537B910CCDF59 BaseClass:/Game/Developers/carsm/Projects/OverStimulationSim/BluePrints/SpikeHazard.SpikeHazard_C NativeClass:/Script/Engine.Actor Name:SpikeHazard_C_UAID_04421A86325B4FC701_1301250218 Label:SpikeHazard8 SpatiallyLoaded:1 Bounds:IsValid=true, Min=(X=-26.242 Y=-200.476 Z=-117.180), Max=(X=495.477 Y=202.999 Z=237.206) RuntimeGrid:None EditorOnly:0 RuntimeOnly:0 HLODRelevant:0 Parent:554478A74A08F86D286DACBBF57DB86F FolderPath:Spikes FolderGuid:2BA023F74C1F08C41EBA2AA8C0D8C539
 |   |   |- Guid:7C2D3EE8415E8B5BDA68C5A8534F3BE5 BaseClass:/Game/Developers/carsm/Projects/OverStimulationSim/BluePrints/DroneAI.DroneAI_C NativeClass:/Script/Engine.Actor Name:DroneAI_C_UAID_04421A86325B4FC701_1700412228 Label:DroneAI SpatiallyLoaded:1 Bounds:IsValid=true, Min=(X=-188.186 Y=-227.521 Z=250.599), Max=(X=379.899 Y=272.554 Z=454.345) RuntimeGrid:None EditorOnly:0 RuntimeOnly:0 HLODRelevant:0 FolderPath:Enemies FolderGuid:57E3F8F24224896178886CA07A0D8F7E
 |   |   |- Guid:83A4A88B40D9E5BC58BC65B6056F72A6 BaseClass:/Game/Developers/carsm/Projects/OverStimulationSim/BluePrints/MovingPlatform.MovingPlatform_C NativeClass:/Script/Engine.Actor Name:MovingPlatform_C_UAID_04421A86325B26C701_2126126998 Label:MovingPlatform SpatiallyLoaded:1 Bounds:IsValid=true, Min=(X=-320.000 Y=-80.000 Z=160.755), Max=(X=-120.000 Y=120.000 Z=170.755) RuntimeGrid:None EditorOnly:0 RuntimeOnly:0 HLODRelevant:0 FolderPath:Environment/Platforms FolderGuid:38A8DFE84129A195E4267EB8FF83C71A
 |   |   |- Guid:A55F01D641BA840432FB0D97886B8929 BaseClass:/Game/Developers/carsm/Projects/OverStimulationSim/BluePrints/MovingPlatform.MovingPlatform_C NativeClass:/Script/Engine.Actor Name:MovingPlatform_C_UAID_04421A86325B27C701_2038808177 Label:MovingPlatform3 SpatiallyLoaded:1 Bounds:IsValid=true, Min=(X=120.000 Y=-350.000 Z=160.755), Max=(X=320.000 Y=-150.000 Z=170.755) RuntimeGrid:None EditorOnly:0 RuntimeOnly:0 HLODRelevant:0 FolderPath:Environment/Platforms FolderGuid:38A8DFE84129A195E4267EB8FF83C71A
 |   |   |- Guid:AC60431D4ECE6FEF285C6CB0E79673F2 BaseClass:/Game/Developers/carsm/Projects/OverStimulationSim/BluePrints/SpikeHazard.SpikeHazard_C NativeClass:/Script/Engine.Actor Name:SpikeHazard_C_UAID_04421A86325B4FC701_1301252219 Label:SpikeHazard2 SpatiallyLoaded:1 Bounds:IsValid=true, Min=(X=-256.590 Y=-433.476 Z=-117.180), Max=(X=265.128 Y=-30.001 Z=237.206) RuntimeGrid:None EditorOnly:0 RuntimeOnly:0 HLODRelevant:0 Parent:554478A74A08F86D286DACBBF57DB86F FolderPath:Spikes FolderGuid:2BA023F74C1F08C41EBA2AA8C0D8C539
 |   |   |- Guid:AD1DF18D44A68133E53299826028A556 BaseClass:/Game/Developers/carsm/Projects/OverStimulationSim/BluePrints/SpikeHazard.SpikeHazard_C NativeClass:/Script/Engine.Actor Name:SpikeHazard_C_UAID_04421A86325B4FC701_1301257222 Label:SpikeHazard9 SpatiallyLoaded:1 Bounds:IsValid=true, Min=(X=-26.242 Y=32.524 Z=-117.180), Max=(X=495.477 Y=435.999 Z=237.206) RuntimeGrid:None EditorOnly:0 RuntimeOnly:0 HLODRelevant:0 Parent:554478A74A08F86D286DACBBF57DB86F FolderPath:Spikes FolderGuid:2BA023F74C1F08C41EBA2AA8C0D8C539
 |   |   |- Guid:AD6155104C0A8D90EE06BBB97592D785 BaseClass: NativeClass:/Script/Engine.PointLight Name:PointLight_UAID_04421A86325B28C701_1612716354 Label:PointLight SpatiallyLoaded:1 Bounds:IsValid=true, Min=(X=-1050.000 Y=-370.000 Z=-310.000), Max=(X=350.000 Y=1030.000 Z=1090.000) RuntimeGrid:None EditorOnly:0 RuntimeOnly:0 HLODRelevant:0 FolderPath:Lighting FolderGuid:B7E9BD5B45A652654791988DEF54CCEB
 |   |   |- Guid:D13680C240C4989CBC5AD49AAF4424CD BaseClass: NativeClass:/Script/Engine.PointLight Name:PointLight_UAID_04421A86325B28C701_1656063355 Label:PointLight2 SpatiallyLoaded:1 Bounds:IsValid=true, Min=(X=-390.000 Y=-1010.000 Z=-310.000), Max=(X=1010.000 Y=390.000 Z=1090.000) RuntimeGrid:None EditorOnly:0 RuntimeOnly:0 HLODRelevant:0 FolderPath:Lighting FolderGuid:B7E9BD5B45A652654791988DEF54CCEB
 |   |   |- Guid:E0094A974DB70ABBBAFB41BF6AE75778 BaseClass: NativeClass:/Script/Engine.StaticMeshActor Name:StaticMeshActor_UAID_04421A86325B44C501_1594298162 Label:Wall3 SpatiallyLoaded:1 Bounds:IsValid=true, Min=(X=360.000 Y=-375.000 Z=15.000), Max=(X=380.000 Y=375.000 Z=435.000) RuntimeGrid:None EditorOnly:0 RuntimeOnly:0 HLODRelevant:1 FolderPath:Environment/Walls+Floor FolderGuid:79BEF95F41D41B4EBF06E2A67B734206
 |   |   |- Guid:ED47E7764C7DA68710EA04A6CDD1E88A BaseClass: NativeClass:/Script/Engine.StaticMeshActor Name:StaticMeshActor_UAID_04421A86325B44C501_1568021161 Label:Wall2 SpatiallyLoaded:1 Bounds:IsValid=true, Min=(X=-375.000 Y=-380.000 Z=15.000), Max=(X=375.000 Y=-360.000 Z=435.000) RuntimeGrid:None EditorOnly:0 RuntimeOnly:0 HLODRelevant:1 FolderPath:Environment/Walls+Floor FolderGuid:79BEF95F41D41B4EBF06E2A67B734206
 |   |   |- Guid:F6EA37404596BD19944B36B5164AC939 BaseClass:/Game/Developers/carsm/Projects/OverStimulationSim/BluePrints/SpikeHazard.SpikeHazard_C NativeClass:/Script/Engine.Actor Name:SpikeHazard_C_UAID_04421A86325B4FC701_1301249217 Label:SpikeHazard5 SpatiallyLoaded:1 Bounds:IsValid=true, Min=(X=-491.859 Y=-433.476 Z=-117.180), Max=(X=29.859 Y=-30.001 Z=237.206) RuntimeGrid:None EditorOnly:0 RuntimeOnly:0 HLODRelevant:0 Parent:554478A74A08F86D286DACBBF57DB86F FolderPath:Spikes FolderGuid:2BA023F74C1F08C41EBA2AA8C0D8C539
 |   |   |- Guid:F933D8BA4866A3D6C5223BAE7368A680 BaseClass: NativeClass:/Script/Engine.StaticMeshActor Name:StaticMeshActor_UAID_04421A86325B44C501_1679735164 Label:Roof SpatiallyLoaded:1 Bounds:IsValid=true, Min=(X=-375.000 Y=-375.000 Z=420.000), Max=(X=375.000 Y=375.000 Z=430.000) RuntimeGrid:None EditorOnly:0 RuntimeOnly:0 HLODRelevant:1 FolderPath:Environment/Walls+Floor FolderGuid:79BEF95F41D41B4EBF06E2A67B734206
 |   |- [+] Clusters:
 |   |   |- [+] [  0]
 |   |   |   |- Guid:D13680C240C4989CBC5AD49AAF4424CD BaseClass: NativeClass:/Script/Engine.PointLight Name:PointLight_UAID_04421A86325B28C701_1656063355 Label:PointLight2 SpatiallyLoaded:1 Bounds:IsValid=true, Min=(X=-390.000 Y=-1010.000 Z=-310.000), Max=(X=1010.000 Y=390.000 Z=1090.000) RuntimeGrid:None EditorOnly:0 RuntimeOnly:0 HLODRelevant:0 FolderPath:Lighting FolderGuid:B7E9BD5B45A652654791988DEF54CCEB
 |   |   |- [+] [  1]
 |   |   |   |- Guid:A55F01D641BA840432FB0D97886B8929 BaseClass:/Game/Developers/carsm/Projects/OverStimulationSim/BluePrints/MovingPlatform.MovingPlatform_C NativeClass:/Script/Engine.Actor Name:MovingPlatform_C_UAID_04421A86325B27C701_2038808177 Label:MovingPlatform3 SpatiallyLoaded:1 Bounds:IsValid=true, Min=(X=120.000 Y=-350.000 Z=160.755), Max=(X=320.000 Y=-150.000 Z=170.755) RuntimeGrid:None EditorOnly:0 RuntimeOnly:0 HLODRelevant:0 FolderPath:Environment/Platforms FolderGuid:38A8DFE84129A195E4267EB8FF83C71A
 |   |   |- [+] [  2]
 |   |   |   |- Guid:456936CA4F93250A2CF2AA8E42A9ED37 BaseClass:/Game/Developers/carsm/Projects/OverStimulationSim/BluePrints/MovingPlatform.MovingPlatform_C NativeClass:/Script/Engine.Actor Name:MovingPlatform_C_UAID_04421A86325B27C701_1897409176 Label:MovingPlatform2 SpatiallyLoaded:1 Bounds:IsValid=true, Min=(X=120.000 Y=150.000 Z=160.755), Max=(X=320.000 Y=350.000 Z=170.755) RuntimeGrid:None EditorOnly:0 RuntimeOnly:0 HLODRelevant:0 FolderPath:Environment/Platforms FolderGuid:38A8DFE84129A195E4267EB8FF83C71A
 |   |   |- [+] [  3]
 |   |   |   |- Guid:397B7A2E40CB8908D8BCCCA246D56858 BaseClass: NativeClass:/Script/Engine.StaticMeshActor Name:StaticMeshActor_UAID_04421A86325B44C501_1500705160 Label:Wall1 SpatiallyLoaded:1 Bounds:IsValid=true, Min=(X=-375.000 Y=360.000 Z=15.000), Max=(X=375.000 Y=380.000 Z=435.000) RuntimeGrid:None EditorOnly:0 RuntimeOnly:0 HLODRelevant:1 FolderPath:Environment/Walls+Floor FolderGuid:79BEF95F41D41B4EBF06E2A67B734206
 |   |   |- [+] [  4]
 |   |   |   |- Guid:5368FABB47D6D9580DAECA8B0417BF92 BaseClass: NativeClass:/Script/Engine.WorldDataLayers Name:WorldDataLayers Label:WorldDataLayers-1 SpatiallyLoaded:0 Bounds:IsValid=true, Min=(X=0.000 Y=0.000 Z=0.000), Max=(X=0.000 Y=0.000 Z=0.000) RuntimeGrid:None EditorOnly:0 RuntimeOnly:0 HLODRelevant:0 FolderPath:Lighting FolderGuid:B7E9BD5B45A652654791988DEF54CCEB
 |   |   |- [+] [  5]
 |   |   |   |- Guid:4350B49140267B693290A3BB6F4A8172 BaseClass:/Game/Developers/carsm/Projects/OverStimulationSim/Character/Blueprints/PlayerCharacter.PlayerCharacter_C NativeClass:/Script/Engine.Character Name:PlayerCharacter_C_UAID_04421A86325B2DC701_1845023223 Label:PlayerCharacter SpatiallyLoaded:1 Bounds:IsValid=true, Min=(X=171.717 Y=226.536 Z=184.546), Max=(X=349.956 Y=306.661 Z=298.141) RuntimeGrid:None EditorOnly:0 RuntimeOnly:0 HLODRelevant:0 FolderPath:Player FolderGuid:B726634C44D0DD6C6DF49E923E07B07C
 |   |   |- [+] [  6]
 |   |   |   |- Guid:AD6155104C0A8D90EE06BBB97592D785 BaseClass: NativeClass:/Script/Engine.PointLight Name:PointLight_UAID_04421A86325B28C701_1612716354 Label:PointLight SpatiallyLoaded:1 Bounds:IsValid=true, Min=(X=-1050.000 Y=-370.000 Z=-310.000), Max=(X=350.000 Y=1030.000 Z=1090.000) RuntimeGrid:None EditorOnly:0 RuntimeOnly:0 HLODRelevant:0 FolderPath:Lighting FolderGuid:B7E9BD5B45A652654791988DEF54CCEB
 |   |   |- [+] [  7]
 |   |   |   |- Guid:E0094A974DB70ABBBAFB41BF6AE75778 BaseClass: NativeClass:/Script/Engine.StaticMeshActor Name:StaticMeshActor_UAID_04421A86325B44C501_1594298162 Label:Wall3 SpatiallyLoaded:1 Bounds:IsValid=true, Min=(X=360.000 Y=-375.000 Z=15.000), Max=(X=380.000 Y=375.000 Z=435.000) RuntimeGrid:None EditorOnly:0 RuntimeOnly:0 HLODRelevant:1 FolderPath:Environment/Walls+Floor FolderGuid:79BEF95F41D41B4EBF06E2A67B734206
 |   |   |- [+] [  8]
 |   |   |   |- Guid:17A166DB41CA04F10504928110DB9657 BaseClass: NativeClass:/Script/Engine.StaticMeshActor Name:StaticMeshActor_UAID_04421A86325B44C501_1173157159 Label:Floor SpatiallyLoaded:1 Bounds:IsValid=true, Min=(X=-375.000 Y=-375.000 Z=10.000), Max=(X=375.000 Y=375.000 Z=20.000) RuntimeGrid:None EditorOnly:0 RuntimeOnly:0 HLODRelevant:1 FolderPath:Environment/Walls+Floor FolderGuid:79BEF95F41D41B4EBF06E2A67B734206
 |   |   |- [+] [  9]
 |   |   |   |- Guid:F933D8BA4866A3D6C5223BAE7368A680 BaseClass: NativeClass:/Script/Engine.StaticMeshActor Name:StaticMeshActor_UAID_04421A86325B44C501_1679735164 Label:Roof SpatiallyLoaded:1 Bounds:IsValid=true, Min=(X=-375.000 Y=-375.000 Z=420.000), Max=(X=375.000 Y=375.000 Z=430.000) RuntimeGrid:None EditorOnly:0 RuntimeOnly:0 HLODRelevant:1 FolderPath:Environment/Walls+Floor FolderGuid:79BEF95F41D41B4EBF06E2A67B734206
 |   |   |- [+] [ 10]
 |   |   |   |- Guid:ED47E7764C7DA68710EA04A6CDD1E88A BaseClass: NativeClass:/Script/Engine.StaticMeshActor Name:StaticMeshActor_UAID_04421A86325B44C501_1568021161 Label:Wall2 SpatiallyLoaded:1 Bounds:IsValid=true, Min=(X=-375.000 Y=-380.000 Z=15.000), Max=(X=375.000 Y=-360.000 Z=435.000) RuntimeGrid:None EditorOnly:0 RuntimeOnly:0 HLODRelevant:1 FolderPath:Environment/Walls+Floor FolderGuid:79BEF95F41D41B4EBF06E2A67B734206
 |   |   |- [+] [ 11]
 |   |   |   |- Guid:83A4A88B40D9E5BC58BC65B6056F72A6 BaseClass:/Game/Developers/carsm/Projects/OverStimulationSim/BluePrints/MovingPlatform.MovingPlatform_C NativeClass:/Script/Engine.Actor Name:MovingPlatform_C_UAID_04421A86325B26C701_2126126998 Label:MovingPlatform SpatiallyLoaded:1 Bounds:IsValid=true, Min=(X=-320.000 Y=-80.000 Z=160.755), Max=(X=-120.000 Y=120.000 Z=170.755) RuntimeGrid:None EditorOnly:0 RuntimeOnly:0 HLODRelevant:0 FolderPath:Environment/Platforms FolderGuid:38A8DFE84129A195E4267EB8FF83C71A
 |   |   |- [+] [ 12]
 |   |   |   |- Guid:7C2D3EE8415E8B5BDA68C5A8534F3BE5 BaseClass:/Game/Developers/carsm/Projects/OverStimulationSim/BluePrints/DroneAI.DroneAI_C NativeClass:/Script/Engine.Actor Name:DroneAI_C_UAID_04421A86325B4FC701_1700412228 Label:DroneAI SpatiallyLoaded:1 Bounds:IsValid=true, Min=(X=-188.186 Y=-227.521 Z=250.599), Max=(X=379.899 Y=272.554 Z=454.345) RuntimeGrid:None EditorOnly:0 RuntimeOnly:0 HLODRelevant:0 FolderPath:Enemies FolderGuid:57E3F8F24224896178886CA07A0D8F7E
 |   |   |- [+] [ 13]
 |   |   |   |- Guid:07012E6A4A328E686614DE98F9EE2103 BaseClass: NativeClass:/Script/Engine.StaticMeshActor Name:StaticMeshActor_UAID_04421A86325B44C501_1650558163 Label:Wall4 SpatiallyLoaded:1 Bounds:IsValid=true, Min=(X=-380.000 Y=-375.000 Z=15.000), Max=(X=-360.000 Y=375.000 Z=435.000) RuntimeGrid:None EditorOnly:0 RuntimeOnly:0 HLODRelevant:1 FolderPath:Environment/Walls+Floor FolderGuid:79BEF95F41D41B4EBF06E2A67B734206
 |   |   |- [+] [ 14]
 |   |   |   |- Guid:AD1DF18D44A68133E53299826028A556 BaseClass:/Game/Developers/carsm/Projects/OverStimulationSim/BluePrints/SpikeHazard.SpikeHazard_C NativeClass:/Script/Engine.Actor Name:SpikeHazard_C_UAID_04421A86325B4FC701_1301257222 Label:SpikeHazard9 SpatiallyLoaded:1 Bounds:IsValid=true, Min=(X=-26.242 Y=32.524 Z=-117.180), Max=(X=495.477 Y=435.999 Z=237.206) RuntimeGrid:None EditorOnly:0 RuntimeOnly:0 HLODRelevant:0 Parent:554478A74A08F86D286DACBBF57DB86F FolderPath:Spikes FolderGuid:2BA023F74C1F08C41EBA2AA8C0D8C539
 |   |   |   |- Guid:097A917E455D76C6C7B4D1A57E822DB3 BaseClass:/Game/Developers/carsm/Projects/OverStimulationSim/BluePrints/SpikeHazard.SpikeHazard_C NativeClass:/Script/Engine.Actor Name:SpikeHazard_C_UAID_04421A86325B4FC701_1301254220 Label:SpikeHazard3 SpatiallyLoaded:1 Bounds:IsValid=true, Min=(X=-491.859 Y=-200.476 Z=-117.180), Max=(X=29.859 Y=202.999 Z=237.206) RuntimeGrid:None EditorOnly:0 RuntimeOnly:0 HLODRelevant:0 Parent:554478A74A08F86D286DACBBF57DB86F FolderPath:Spikes FolderGuid:2BA023F74C1F08C41EBA2AA8C0D8C539
 |   |   |   |- Guid:F6EA37404596BD19944B36B5164AC939 BaseClass:/Game/Developers/carsm/Projects/OverStimulationSim/BluePrints/SpikeHazard.SpikeHazard_C NativeClass:/Script/Engine.Actor Name:SpikeHazard_C_UAID_04421A86325B4FC701_1301249217 Label:SpikeHazard5 SpatiallyLoaded:1 Bounds:IsValid=true, Min=(X=-491.859 Y=-433.476 Z=-117.180), Max=(X=29.859 Y=-30.001 Z=237.206) RuntimeGrid:None EditorOnly:0 RuntimeOnly:0 HLODRelevant:0 Parent:554478A74A08F86D286DACBBF57DB86F FolderPath:Spikes FolderGuid:2BA023F74C1F08C41EBA2AA8C0D8C539
 |   |   |   |- Guid:763A384E40180B566D0537B910CCDF59 BaseClass:/Game/Developers/carsm/Projects/OverStimulationSim/BluePrints/SpikeHazard.SpikeHazard_C NativeClass:/Script/Engine.Actor Name:SpikeHazard_C_UAID_04421A86325B4FC701_1301250218 Label:SpikeHazard8 SpatiallyLoaded:1 Bounds:IsValid=true, Min=(X=-26.242 Y=-200.476 Z=-117.180), Max=(X=495.477 Y=202.999 Z=237.206) RuntimeGrid:None EditorOnly:0 RuntimeOnly:0 HLODRelevant:0 Parent:554478A74A08F86D286DACBBF57DB86F FolderPath:Spikes FolderGuid:2BA023F74C1F08C41EBA2AA8C0D8C539
 |   |   |   |- Guid:613FF15548FDE9E0B1A8C4813C6DF2E1 BaseClass:/Game/Developers/carsm/Projects/OverStimulationSim/BluePrints/SpikeHazard.SpikeHazard_C NativeClass:/Script/Engine.Actor Name:SpikeHazard_C_UAID_04421A86325B4FC701_1301245216 Label:SpikeHazard7 SpatiallyLoaded:1 Bounds:IsValid=true, Min=(X=-26.242 Y=-433.476 Z=-117.180), Max=(X=495.477 Y=-30.001 Z=237.206) RuntimeGrid:None EditorOnly:0 RuntimeOnly:0 HLODRelevant:0 Parent:554478A74A08F86D286DACBBF57DB86F FolderPath:Spikes FolderGuid:2BA023F74C1F08C41EBA2AA8C0D8C539
 |   |   |   |- Guid:0D55088F43230240EC754EA7A34E0E88 BaseClass:/Game/Developers/carsm/Projects/OverStimulationSim/BluePrints/SpikeHazard.SpikeHazard_C NativeClass:/Script/Engine.Actor Name:SpikeHazard_C_UAID_04421A86325B4FC701_1301258223 Label:SpikeHazard6 SpatiallyLoaded:1 Bounds:IsValid=true, Min=(X=-256.590 Y=32.524 Z=-117.180), Max=(X=265.128 Y=435.999 Z=237.206) RuntimeGrid:None EditorOnly:0 RuntimeOnly:0 HLODRelevant:0 Parent:554478A74A08F86D286DACBBF57DB86F FolderPath:Spikes FolderGuid:2BA023F74C1F08C41EBA2AA8C0D8C539
 |   |   |   |- Guid:107C059A49F3580398BC8DA53D43BEBB BaseClass:/Game/Developers/carsm/Projects/OverStimulationSim/BluePrints/SpikeHazard.SpikeHazard_C NativeClass:/Script/Engine.Actor Name:SpikeHazard_C_UAID_04421A86325B4FC701_1301255221 Label:SpikeHazard4 SpatiallyLoaded:1 Bounds:IsValid=true, Min=(X=-491.859 Y=32.524 Z=-117.180), Max=(X=29.859 Y=435.999 Z=237.206) RuntimeGrid:None EditorOnly:0 RuntimeOnly:0 HLODRelevant:0 Parent:554478A74A08F86D286DACBBF57DB86F FolderPath:Spikes FolderGuid:2BA023F74C1F08C41EBA2AA8C0D8C539
 |   |   |   |- Guid:AC60431D4ECE6FEF285C6CB0E79673F2 BaseClass:/Game/Developers/carsm/Projects/OverStimulationSim/BluePrints/SpikeHazard.SpikeHazard_C NativeClass:/Script/Engine.Actor Name:SpikeHazard_C_UAID_04421A86325B4FC701_1301252219 Label:SpikeHazard2 SpatiallyLoaded:1 Bounds:IsValid=true, Min=(X=-256.590 Y=-433.476 Z=-117.180), Max=(X=265.128 Y=-30.001 Z=237.206) RuntimeGrid:None EditorOnly:0 RuntimeOnly:0 HLODRelevant:0 Parent:554478A74A08F86D286DACBBF57DB86F FolderPath:Spikes FolderGuid:2BA023F74C1F08C41EBA2AA8C0D8C539
 |   |   |   |- Guid:554478A74A08F86D286DACBBF57DB86F BaseClass:/Game/Developers/carsm/Projects/OverStimulationSim/BluePrints/SpikeHazard.SpikeHazard_C NativeClass:/Script/Engine.Actor Name:SpikeHazard_C_UAID_04421A86325B36C701_1363122240 Label:SpikeHazard SpatiallyLoaded:1 Bounds:IsValid=true, Min=(X=-336.000 Y=-336.000 Z=-117.180), Max=(X=336.000 Y=336.000 Z=237.206) RuntimeGrid:None EditorOnly:0 RuntimeOnly:0 HLODRelevant:0 FolderPath:Spikes FolderGuid:2BA023F74C1F08C41EBA2AA8C0D8C539
 |   |   |- [+] [ 15]
 |   |   |   |- Guid:5D90871D4DA9F47A40B14B88A702DECB BaseClass: NativeClass:/Script/Engine.TriggerBox Name:TriggerBox_UAID_04421A86325B59C701_1853332032 Label:TriggerBox SpatiallyLoaded:1 Bounds:IsValid=true, Min=(X=-360.000 Y=-360.000 Z=-20.000), Max=(X=360.000 Y=360.000 Z=60.000) RuntimeGrid:None EditorOnly:0 RuntimeOnly:0 HLODRelevant:0 FolderPath:TriggerBox FolderGuid:E0FE655C4CF190AB5F85BFB9FB51950D
 |- ContainerInstances:
 |- [+] MainContainer:
 |   |-        ID: 0x0000000000000000
 |   |-    Bounds: IsValid=true, Min=(X=-1050.000 Y=-1010.000 Z=-310.000), Max=(X=1010.000 Y=1030.000 Z=1090.000)
 |   |- Transform: 0.000000,0.000000,0.000000|0.000000,0.000000,-0.000000|1.000000,1.000000,1.000000
 |   |- Container: /Game/Developers/carsm/Projects/OverStimulationSim/OverstimulationSimulation
----------------------------------------------------------------------------------------------------------------
OverstimulationSimulation - Persistent Level
----------------------------------------------------------------------------------------------------------------
Always loaded Actor Count: 34 

----------------------------------------------------------------------------------------------------------------
OverstimulationSimulation - Runtime Spatial Hash - Streaming Grid - MainGrid
----------------------------------------------------------------------------------------------------------------
            Origin: X=0.000 Y=0.000 Z=0.000
         Cell Size: 25600
      World Bounds: IsValid=true, Min=(X=-1050.000 Y=-1010.000 Z=-310.000), Max=(X=1010.000 Y=1030.000 Z=1090.000)
     Loading Range: 76800.00
Block Slow Loading: No
 ClientOnlyVisible: No

[+] Grid Levels: 2
 |- Level  0: Cell Count    2 | Cell Size   25600 | Actor Count    3 (100.0%)
 |- Level  1: Cell Count    0 | Cell Size   51200 | Actor Count    0 (0.0%)

[+] Content of Grid Level 0
 |- [+] Content of Cell MainGrid_L0_X0_Y-1
 |   |- Actor Count: 1
 |   |- Actor Path: /Game/Developers/carsm/Projects/OverStimulationSim/OverstimulationSimulation.OverstimulationSimulation:PersistentLevel.MovingPlatform_C_UAID_04421A86325B27C701_2038808177
 |   |- Actor Package: /Game/__ExternalActors__/Developers/carsm/Projects/OverStimulationSim/OverstimulationSimulation/0/YD/N5HYSUXSZG773YEDH8ARTA
 |- [+] Content of Cell MainGrid_L0_X0_Y0
 |   |- Actor Count: 2
 |   |- Actor Path: /Game/Developers/carsm/Projects/OverStimulationSim/OverstimulationSimulation.OverstimulationSimulation:PersistentLevel.MovingPlatform_C_UAID_04421A86325B27C701_1897409176
 |   |- Actor Package: /Game/__ExternalActors__/Developers/carsm/Projects/OverStimulationSim/OverstimulationSimulation/5/AN/1HMWSP7VCMM64UNSIKHYMZ
 |   |- Actor Path: /Game/Developers/carsm/Projects/OverStimulationSim/OverstimulationSimulation.OverstimulationSimulation:PersistentLevel.PlayerCharacter_C_UAID_04421A86325B2DC701_1845023223
 |   |- Actor Package: /Game/__ExternalActors__/Developers/carsm/Projects/OverStimulationSim/OverstimulationSimulation/6/MZ/X3BT7BIIHCVQFHOS6V0109
[+] Content of Grid Level 1

