[+] Containers:
 |- [+] Container: /Game/Developers/carsm/Projects/OverStimulationSim/OverstimulationSimulation
 |   |- [+] ActorDescs:
 |   |   |- Guid:03920DF94EEFC9F86CC66185D32A3DA1 BaseClass: NativeClass:/Script/Engine.StaticMeshActor Name:StaticMeshActor_UAID_A4AE111137DC54FB00_1240666663 Label:SM_SkySphere SpatiallyLoaded:0 Bounds:IsValid=true, Min=(X=-1638400.000 Y=-1638400.000 Z=-1637920.000), Max=(X=1638400.000 Y=1638400.000 Z=1638880.000) RuntimeGrid:None EditorOnly:0 RuntimeOnly:0 HLODRelevant:0 FolderPath:Lighting FolderGuid:B7E9BD5B45A652654791988DEF54CCEB
 |   |   |- Guid:03994903421A67E39D6280A69646189A BaseClass:/Game/Developers/carsm/Projects/OverStimulationSim/BluePrints/MovingCornerPlatform.MovingCornerPlatform_C NativeClass:/Script/Engine.Actor Name:MovingCornerPlatform_C_UAID_04421A86325B27C701_1727548175 Label:MovingCornerPlatform SpatiallyLoaded:1 Bounds:IsValid=true, Min=(X=-320.000 Y=-320.000 Z=85.000), Max=(X=-120.000 Y=-120.000 Z=95.000) RuntimeGrid:None EditorOnly:0 RuntimeOnly:0 HLODRelevant:0
 |   |   |- Guid:07012E6A4A328E686614DE98F9EE2103 BaseClass: NativeClass:/Script/Engine.StaticMeshActor Name:StaticMeshActor_UAID_04421A86325B44C501_1650558163 Label:Wall4 SpatiallyLoaded:1 Bounds:IsValid=true, Min=(X=-380.000 Y=-375.000 Z=15.000), Max=(X=-360.000 Y=375.000 Z=435.000) RuntimeGrid:None EditorOnly:0 RuntimeOnly:0 HLODRelevant:1 FolderPath:Environment/Walls+Floor FolderGuid:79BEF95F41D41B4EBF06E2A67B734206
 |   |   |- Guid:17A166DB41CA04F10504928110DB9657 BaseClass: NativeClass:/Script/Engine.StaticMeshActor Name:StaticMeshActor_UAID_04421A86325B44C501_1173157159 Label:Floor SpatiallyLoaded:1 Bounds:IsValid=true, Min=(X=-375.000 Y=-375.000 Z=10.000), Max=(X=375.000 Y=375.000 Z=20.000) RuntimeGrid:None EditorOnly:0 RuntimeOnly:0 HLODRelevant:1 FolderPath:Environment/Walls+Floor FolderGuid:79BEF95F41D41B4EBF06E2A67B734206
 |   |   |- Guid:1D3D26F04B6DC10BEFB5B69E5CF914C8 BaseClass: NativeClass:/Script/Engine.VolumetricCloud Name:VolumetricCloud_UAID_A85E45CFE40401D200_1470381760 Label:VolumetricCloud SpatiallyLoaded:0 Bounds:IsValid=true, Min=(X=0.000 Y=0.000 Z=480.000), Max=(X=0.000 Y=0.000 Z=480.000) RuntimeGrid:None EditorOnly:0 RuntimeOnly:0 HLODRelevant:0 FolderPath:Lighting FolderGuid:B7E9BD5B45A652654791988DEF54CCEB
 |   |   |- Guid:1DE8D7AC4103A2EABA11649C7FCF8ACA BaseClass: NativeClass:/Script/Engine.SkyLight Name:SkyLight_UAID_A85E45CFE40401D200_1470380759 Label:SkyLight SpatiallyLoaded:0 Bounds:IsValid=true, Min=(X=0.000 Y=0.000 Z=480.000), Max=(X=0.000 Y=0.000 Z=480.000) RuntimeGrid:None EditorOnly:0 RuntimeOnly:0 HLODRelevant:0 FolderPath:Lighting FolderGuid:B7E9BD5B45A652654791988DEF54CCEB
 |   |   |- Guid:2CE12F874AA39D020A0F4BA5739BD305 BaseClass: NativeClass:/Script/Engine.SkyAtmosphere Name:SkyAtmosphere_UAID_A85E45CFE40401D200_1470382762 Label:SkyAtmosphere SpatiallyLoaded:0 Bounds:IsValid=true, Min=(X=0.000 Y=0.000 Z=480.000), Max=(X=0.000 Y=0.000 Z=480.000) RuntimeGrid:None EditorOnly:0 RuntimeOnly:0 HLODRelevant:0 FolderPath:Lighting FolderGuid:B7E9BD5B45A652654791988DEF54CCEB
 |   |   |- Guid:397B7A2E40CB8908D8BCCCA246D56858 BaseClass: NativeClass:/Script/Engine.StaticMeshActor Name:StaticMeshActor_UAID_04421A86325B44C501_1500705160 Label:Wall1 SpatiallyLoaded:1 Bounds:IsValid=true, Min=(X=-375.000 Y=360.000 Z=15.000), Max=(X=375.000 Y=380.000 Z=435.000) RuntimeGrid:None EditorOnly:0 RuntimeOnly:0 HLODRelevant:1 FolderPath:Environment/Walls+Floor FolderGuid:79BEF95F41D41B4EBF06E2A67B734206
 |   |   |- Guid:5368FABB47D6D9580DAECA8B0417BF92 BaseClass: NativeClass:/Script/Engine.WorldDataLayers Name:WorldDataLayers Label:WorldDataLayers-1 SpatiallyLoaded:0 Bounds:IsValid=true, Min=(X=0.000 Y=0.000 Z=0.000), Max=(X=0.000 Y=0.000 Z=0.000) RuntimeGrid:None EditorOnly:0 RuntimeOnly:0 HLODRelevant:0 FolderPath:Lighting FolderGuid:B7E9BD5B45A652654791988DEF54CCEB
 |   |   |- Guid:83A4A88B40D9E5BC58BC65B6056F72A6 BaseClass:/Game/Developers/carsm/Projects/OverStimulationSim/BluePrints/MovingPlatform.MovingPlatform_C NativeClass:/Script/Engine.Actor Name:MovingPlatform_C_UAID_04421A86325B26C701_2126126998 Label:MovingPlatform SpatiallyLoaded:1 Bounds:IsValid=true, Min=(X=-320.000 Y=-80.000 Z=85.000), Max=(X=-120.000 Y=120.000 Z=95.000) RuntimeGrid:None EditorOnly:0 RuntimeOnly:0 HLODRelevant:0
 |   |   |- Guid:AAAC6B5742760A58C2206DB37E44683C BaseClass: NativeClass:/Script/Engine.DirectionalLight Name:DirectionalLight_UAID_A85E45CFE40401D200_1470382761 Label:DirectionalLight SpatiallyLoaded:0 Bounds:IsValid=true, Min=(X=-4398046511104.000 Y=-4398046511104.000 Z=-4398046511104.000), Max=(X=4398046511104.000 Y=4398046511104.000 Z=4398046511104.000) RuntimeGrid:None EditorOnly:0 RuntimeOnly:0 HLODRelevant:0 FolderPath:Lighting FolderGuid:B7E9BD5B45A652654791988DEF54CCEB
 |   |   |- Guid:D3FB7383421AAEFD3DB6F8B1E415A9FE BaseClass: NativeClass:/Script/Engine.ExponentialHeightFog Name:ExponentialHeightFog_UAID_A85E45CFE40401D200_1470382763 Label:ExponentialHeightFog SpatiallyLoaded:0 Bounds:IsValid=true, Min=(X=-5600.000 Y=-50.000 Z=-6370.000), Max=(X=-5600.000 Y=-50.000 Z=-6370.000) RuntimeGrid:None EditorOnly:0 RuntimeOnly:0 HLODRelevant:0 FolderPath:Lighting FolderGuid:B7E9BD5B45A652654791988DEF54CCEB
 |   |   |- Guid:E0094A974DB70ABBBAFB41BF6AE75778 BaseClass: NativeClass:/Script/Engine.StaticMeshActor Name:StaticMeshActor_UAID_04421A86325B44C501_1594298162 Label:Wall3 SpatiallyLoaded:1 Bounds:IsValid=true, Min=(X=360.000 Y=-375.000 Z=15.000), Max=(X=380.000 Y=375.000 Z=435.000) RuntimeGrid:None EditorOnly:0 RuntimeOnly:0 HLODRelevant:1 FolderPath:Environment/Walls+Floor FolderGuid:79BEF95F41D41B4EBF06E2A67B734206
 |   |   |- Guid:ED47E7764C7DA68710EA04A6CDD1E88A BaseClass: NativeClass:/Script/Engine.StaticMeshActor Name:StaticMeshActor_UAID_04421A86325B44C501_1568021161 Label:Wall2 SpatiallyLoaded:1 Bounds:IsValid=true, Min=(X=-375.000 Y=-380.000 Z=15.000), Max=(X=375.000 Y=-360.000 Z=435.000) RuntimeGrid:None EditorOnly:0 RuntimeOnly:0 HLODRelevant:1 FolderPath:Environment/Walls+Floor FolderGuid:79BEF95F41D41B4EBF06E2A67B734206
 |   |   |- Guid:F933D8BA4866A3D6C5223BAE7368A680 BaseClass: NativeClass:/Script/Engine.StaticMeshActor Name:StaticMeshActor_UAID_04421A86325B44C501_1679735164 Label:Roof SpatiallyLoaded:1 Bounds:IsValid=true, Min=(X=-375.000 Y=-375.000 Z=420.000), Max=(X=375.000 Y=375.000 Z=430.000) RuntimeGrid:None EditorOnly:0 RuntimeOnly:0 HLODRelevant:1 FolderPath:Environment/Walls+Floor FolderGuid:79BEF95F41D41B4EBF06E2A67B734206
 |   |- [+] Clusters:
 |   |   |- [+] [  0]
 |   |   |   |- Guid:03920DF94EEFC9F86CC66185D32A3DA1 BaseClass: NativeClass:/Script/Engine.StaticMeshActor Name:StaticMeshActor_UAID_A4AE111137DC54FB00_1240666663 Label:SM_SkySphere SpatiallyLoaded:0 Bounds:IsValid=true, Min=(X=-1638400.000 Y=-1638400.000 Z=-1637920.000), Max=(X=1638400.000 Y=1638400.000 Z=1638880.000) RuntimeGrid:None EditorOnly:0 RuntimeOnly:0 HLODRelevant:0 FolderPath:Lighting FolderGuid:B7E9BD5B45A652654791988DEF54CCEB
 |   |   |- [+] [  1]
 |   |   |   |- Guid:2CE12F874AA39D020A0F4BA5739BD305 BaseClass: NativeClass:/Script/Engine.SkyAtmosphere Name:SkyAtmosphere_UAID_A85E45CFE40401D200_1470382762 Label:SkyAtmosphere SpatiallyLoaded:0 Bounds:IsValid=true, Min=(X=0.000 Y=0.000 Z=480.000), Max=(X=0.000 Y=0.000 Z=480.000) RuntimeGrid:None EditorOnly:0 RuntimeOnly:0 HLODRelevant:0 FolderPath:Lighting FolderGuid:B7E9BD5B45A652654791988DEF54CCEB
 |   |   |- [+] [  2]
 |   |   |   |- Guid:397B7A2E40CB8908D8BCCCA246D56858 BaseClass: NativeClass:/Script/Engine.StaticMeshActor Name:StaticMeshActor_UAID_04421A86325B44C501_1500705160 Label:Wall1 SpatiallyLoaded:1 Bounds:IsValid=true, Min=(X=-375.000 Y=360.000 Z=15.000), Max=(X=375.000 Y=380.000 Z=435.000) RuntimeGrid:None EditorOnly:0 RuntimeOnly:0 HLODRelevant:1 FolderPath:Environment/Walls+Floor FolderGuid:79BEF95F41D41B4EBF06E2A67B734206
 |   |   |- [+] [  3]
 |   |   |   |- Guid:1D3D26F04B6DC10BEFB5B69E5CF914C8 BaseClass: NativeClass:/Script/Engine.VolumetricCloud Name:VolumetricCloud_UAID_A85E45CFE40401D200_1470381760 Label:VolumetricCloud SpatiallyLoaded:0 Bounds:IsValid=true, Min=(X=0.000 Y=0.000 Z=480.000), Max=(X=0.000 Y=0.000 Z=480.000) RuntimeGrid:None EditorOnly:0 RuntimeOnly:0 HLODRelevant:0 FolderPath:Lighting FolderGuid:B7E9BD5B45A652654791988DEF54CCEB
 |   |   |- [+] [  4]
 |   |   |   |- Guid:5368FABB47D6D9580DAECA8B0417BF92 BaseClass: NativeClass:/Script/Engine.WorldDataLayers Name:WorldDataLayers Label:WorldDataLayers-1 SpatiallyLoaded:0 Bounds:IsValid=true, Min=(X=0.000 Y=0.000 Z=0.000), Max=(X=0.000 Y=0.000 Z=0.000) RuntimeGrid:None EditorOnly:0 RuntimeOnly:0 HLODRelevant:0 FolderPath:Lighting FolderGuid:B7E9BD5B45A652654791988DEF54CCEB
 |   |   |- [+] [  5]
 |   |   |   |- Guid:1DE8D7AC4103A2EABA11649C7FCF8ACA BaseClass: NativeClass:/Script/Engine.SkyLight Name:SkyLight_UAID_A85E45CFE40401D200_1470380759 Label:SkyLight SpatiallyLoaded:0 Bounds:IsValid=true, Min=(X=0.000 Y=0.000 Z=480.000), Max=(X=0.000 Y=0.000 Z=480.000) RuntimeGrid:None EditorOnly:0 RuntimeOnly:0 HLODRelevant:0 FolderPath:Lighting FolderGuid:B7E9BD5B45A652654791988DEF54CCEB
 |   |   |- [+] [  6]
 |   |   |   |- Guid:E0094A974DB70ABBBAFB41BF6AE75778 BaseClass: NativeClass:/Script/Engine.StaticMeshActor Name:StaticMeshActor_UAID_04421A86325B44C501_1594298162 Label:Wall3 SpatiallyLoaded:1 Bounds:IsValid=true, Min=(X=360.000 Y=-375.000 Z=15.000), Max=(X=380.000 Y=375.000 Z=435.000) RuntimeGrid:None EditorOnly:0 RuntimeOnly:0 HLODRelevant:1 FolderPath:Environment/Walls+Floor FolderGuid:79BEF95F41D41B4EBF06E2A67B734206
 |   |   |- [+] [  7]
 |   |   |   |- Guid:F933D8BA4866A3D6C5223BAE7368A680 BaseClass: NativeClass:/Script/Engine.StaticMeshActor Name:StaticMeshActor_UAID_04421A86325B44C501_1679735164 Label:Roof SpatiallyLoaded:1 Bounds:IsValid=true, Min=(X=-375.000 Y=-375.000 Z=420.000), Max=(X=375.000 Y=375.000 Z=430.000) RuntimeGrid:None EditorOnly:0 RuntimeOnly:0 HLODRelevant:1 FolderPath:Environment/Walls+Floor FolderGuid:79BEF95F41D41B4EBF06E2A67B734206
 |   |   |- [+] [  8]
 |   |   |   |- Guid:ED47E7764C7DA68710EA04A6CDD1E88A BaseClass: NativeClass:/Script/Engine.StaticMeshActor Name:StaticMeshActor_UAID_04421A86325B44C501_1568021161 Label:Wall2 SpatiallyLoaded:1 Bounds:IsValid=true, Min=(X=-375.000 Y=-380.000 Z=15.000), Max=(X=375.000 Y=-360.000 Z=435.000) RuntimeGrid:None EditorOnly:0 RuntimeOnly:0 HLODRelevant:1 FolderPath:Environment/Walls+Floor FolderGuid:79BEF95F41D41B4EBF06E2A67B734206
 |   |   |- [+] [  9]
 |   |   |   |- Guid:D3FB7383421AAEFD3DB6F8B1E415A9FE BaseClass: NativeClass:/Script/Engine.ExponentialHeightFog Name:ExponentialHeightFog_UAID_A85E45CFE40401D200_1470382763 Label:ExponentialHeightFog SpatiallyLoaded:0 Bounds:IsValid=true, Min=(X=-5600.000 Y=-50.000 Z=-6370.000), Max=(X=-5600.000 Y=-50.000 Z=-6370.000) RuntimeGrid:None EditorOnly:0 RuntimeOnly:0 HLODRelevant:0 FolderPath:Lighting FolderGuid:B7E9BD5B45A652654791988DEF54CCEB
 |   |   |- [+] [ 10]
 |   |   |   |- Guid:17A166DB41CA04F10504928110DB9657 BaseClass: NativeClass:/Script/Engine.StaticMeshActor Name:StaticMeshActor_UAID_04421A86325B44C501_1173157159 Label:Floor SpatiallyLoaded:1 Bounds:IsValid=true, Min=(X=-375.000 Y=-375.000 Z=10.000), Max=(X=375.000 Y=375.000 Z=20.000) RuntimeGrid:None EditorOnly:0 RuntimeOnly:0 HLODRelevant:1 FolderPath:Environment/Walls+Floor FolderGuid:79BEF95F41D41B4EBF06E2A67B734206
 |   |   |- [+] [ 11]
 |   |   |   |- Guid:AAAC6B5742760A58C2206DB37E44683C BaseClass: NativeClass:/Script/Engine.DirectionalLight Name:DirectionalLight_UAID_A85E45CFE40401D200_1470382761 Label:DirectionalLight SpatiallyLoaded:0 Bounds:IsValid=true, Min=(X=-4398046511104.000 Y=-4398046511104.000 Z=-4398046511104.000), Max=(X=4398046511104.000 Y=4398046511104.000 Z=4398046511104.000) RuntimeGrid:None EditorOnly:0 RuntimeOnly:0 HLODRelevant:0 FolderPath:Lighting FolderGuid:B7E9BD5B45A652654791988DEF54CCEB
 |   |   |- [+] [ 12]
 |   |   |   |- Guid:07012E6A4A328E686614DE98F9EE2103 BaseClass: NativeClass:/Script/Engine.StaticMeshActor Name:StaticMeshActor_UAID_04421A86325B44C501_1650558163 Label:Wall4 SpatiallyLoaded:1 Bounds:IsValid=true, Min=(X=-380.000 Y=-375.000 Z=15.000), Max=(X=-360.000 Y=375.000 Z=435.000) RuntimeGrid:None EditorOnly:0 RuntimeOnly:0 HLODRelevant:1 FolderPath:Environment/Walls+Floor FolderGuid:79BEF95F41D41B4EBF06E2A67B734206
 |   |   |- [+] [ 13]
 |   |   |   |- Guid:83A4A88B40D9E5BC58BC65B6056F72A6 BaseClass:/Game/Developers/carsm/Projects/OverStimulationSim/BluePrints/MovingPlatform.MovingPlatform_C NativeClass:/Script/Engine.Actor Name:MovingPlatform_C_UAID_04421A86325B26C701_2126126998 Label:MovingPlatform SpatiallyLoaded:1 Bounds:IsValid=true, Min=(X=-320.000 Y=-80.000 Z=85.000), Max=(X=-120.000 Y=120.000 Z=95.000) RuntimeGrid:None EditorOnly:0 RuntimeOnly:0 HLODRelevant:0
 |   |   |- [+] [ 14]
 |   |   |   |- Guid:03994903421A67E39D6280A69646189A BaseClass:/Game/Developers/carsm/Projects/OverStimulationSim/BluePrints/MovingCornerPlatform.MovingCornerPlatform_C NativeClass:/Script/Engine.Actor Name:MovingCornerPlatform_C_UAID_04421A86325B27C701_1727548175 Label:MovingCornerPlatform SpatiallyLoaded:1 Bounds:IsValid=true, Min=(X=-320.000 Y=-320.000 Z=85.000), Max=(X=-120.000 Y=-120.000 Z=95.000) RuntimeGrid:None EditorOnly:0 RuntimeOnly:0 HLODRelevant:0
 |- ContainerInstances:
 |- [+] MainContainer:
 |   |-        ID: 0x0000000000000000
 |   |-    Bounds: IsValid=true, Min=(X=-380.000 Y=-380.000 Z=10.000), Max=(X=380.000 Y=380.000 Z=435.000)
 |   |- Transform: 0.000000,0.000000,0.000000|0.000000,0.000000,-0.000000|1.000000,1.000000,1.000000
 |   |- Container: /Game/Developers/carsm/Projects/OverStimulationSim/OverstimulationSimulation
----------------------------------------------------------------------------------------------------------------
OverstimulationSimulation - Persistent Level
----------------------------------------------------------------------------------------------------------------
Always loaded Actor Count: 23 

----------------------------------------------------------------------------------------------------------------
OverstimulationSimulation - Runtime Spatial Hash - Streaming Grid - MainGrid
----------------------------------------------------------------------------------------------------------------
            Origin: X=0.000 Y=0.000 Z=0.000
         Cell Size: 25600
      World Bounds: IsValid=true, Min=(X=-380.000 Y=-380.000 Z=10.000), Max=(X=380.000 Y=380.000 Z=435.000)
     Loading Range: 76800.00
Block Slow Loading: No
 ClientOnlyVisible: No

[+] Grid Levels: 2
 |- Level  0: Cell Count    1 | Cell Size   25600 | Actor Count    1 (100.0%)
 |- Level  1: Cell Count    0 | Cell Size   51200 | Actor Count    0 (0.0%)

[+] Content of Grid Level 0
 |- [+] Content of Cell MainGrid_L0_X-1_Y-1
 |   |- Actor Count: 1
 |   |- Actor Path: /Game/Developers/carsm/Projects/OverStimulationSim/OverstimulationSimulation.OverstimulationSimulation:PersistentLevel.MovingCornerPlatform_C_UAID_04421A86325B27C701_1727548175
 |   |- Actor Package: /Game/__ExternalActors__/Developers/carsm/Projects/OverStimulationSim/OverstimulationSimulation/F/4L/T5S47GTQXV0O9GPIK2AYRZ
[+] Content of Grid Level 1

